Crashlog created at 2012-08-14 20:01:40 -0300

=== MESSAGE:

LoadError: cannot load such file -- less
Try installing the 'less' gem (`gem install less`) and then re-running the command.

=== COMPILATION STACK:

  - [item]   /less/bootstrap/ (rep default)

=== BACKTRACE:

  0. /Users/ricardocaldeira/.rvm/gems/ruby-1.9.3-p0/gems/nanoc-3.4.0/lib/nanoc/filters/less.rb:3:in `require'
  1. /Users/ricardocaldeira/.rvm/gems/ruby-1.9.3-p0/gems/nanoc-3.4.0/lib/nanoc/filters/less.rb:3:in `<top (required)>'
  2. /Users/ricardocaldeira/.rvm/gems/ruby-1.9.3-p0/gems/nanoc-3.4.0/lib/nanoc/base/plugin_registry.rb:175:in `const_get'
  3. /Users/ricardocaldeira/.rvm/gems/ruby-1.9.3-p0/gems/nanoc-3.4.0/lib/nanoc/base/plugin_registry.rb:175:in `block in resolve'
  4. /Users/ricardocaldeira/.rvm/gems/ruby-1.9.3-p0/gems/nanoc-3.4.0/lib/nanoc/base/plugin_registry.rb:174:in `each'
  5. /Users/ricardocaldeira/.rvm/gems/ruby-1.9.3-p0/gems/nanoc-3.4.0/lib/nanoc/base/plugin_registry.rb:174:in `inject'
  6. /Users/ricardocaldeira/.rvm/gems/ruby-1.9.3-p0/gems/nanoc-3.4.0/lib/nanoc/base/plugin_registry.rb:174:in `resolve'
  7. /Users/ricardocaldeira/.rvm/gems/ruby-1.9.3-p0/gems/nanoc-3.4.0/lib/nanoc/base/plugin_registry.rb:117:in `find'
  8. /Users/ricardocaldeira/.rvm/gems/ruby-1.9.3-p0/gems/nanoc-3.4.0/lib/nanoc/base/plugin_registry.rb:65:in `named'
  9. /Users/ricardocaldeira/.rvm/gems/ruby-1.9.3-p0/gems/nanoc-3.4.0/lib/nanoc/base/result_data/item_rep.rb:486:in `filter_named'
  10. /Users/ricardocaldeira/.rvm/gems/ruby-1.9.3-p0/gems/nanoc-3.4.0/lib/nanoc/base/result_data/item_rep.rb:324:in `filter'
  11. /Users/ricardocaldeira/.rvm/gems/ruby-1.9.3-p0/gems/nanoc-3.4.0/lib/nanoc/base/compilation/item_rep_proxy.rb:47:in `filter'
  12. /Users/ricardocaldeira/.rvm/gems/ruby-1.9.3-p0/gems/nanoc-3.4.0/lib/nanoc/base/compilation/rule_context.rb:54:in `filter'
  13. ./Rules:17:in `block in load'
  14. /Users/ricardocaldeira/.rvm/gems/ruby-1.9.3-p0/gems/nanoc-3.4.0/lib/nanoc/base/compilation/rule.rb:68:in `instance_eval'
  15. /Users/ricardocaldeira/.rvm/gems/ruby-1.9.3-p0/gems/nanoc-3.4.0/lib/nanoc/base/compilation/rule.rb:68:in `apply_to'
  16. /Users/ricardocaldeira/.rvm/gems/ruby-1.9.3-p0/gems/nanoc-3.4.0/lib/nanoc/base/compilation/compiler.rb:381:in `compile_rep'
  17. /Users/ricardocaldeira/.rvm/gems/ruby-1.9.3-p0/gems/nanoc-3.4.0/lib/nanoc/base/compilation/compiler.rb:337:in `block in compile_reps'
  18. /Users/ricardocaldeira/.rvm/gems/ruby-1.9.3-p0/gems/nanoc-3.4.0/lib/nanoc/base/compilation/compiler.rb:330:in `loop'
  19. /Users/ricardocaldeira/.rvm/gems/ruby-1.9.3-p0/gems/nanoc-3.4.0/lib/nanoc/base/compilation/compiler.rb:330:in `compile_reps'
  20. /Users/ricardocaldeira/.rvm/gems/ruby-1.9.3-p0/gems/nanoc-3.4.0/lib/nanoc/base/compilation/compiler.rb:85:in `run'
  21. /Users/ricardocaldeira/.rvm/gems/ruby-1.9.3-p0/gems/nanoc-3.4.0/lib/nanoc/base/source_data/site.rb:57:in `compile'
  22. /Users/ricardocaldeira/.rvm/gems/ruby-1.9.3-p0/gems/nanoc-3.4.0/lib/nanoc/cli/commands/compile.rb:57:in `run'
  23. /Users/ricardocaldeira/.rvm/gems/ruby-1.9.3-p0/gems/nanoc-3.4.0/lib/nanoc/cli/command_runner.rb:14:in `block in call'
  24. /Users/ricardocaldeira/.rvm/gems/ruby-1.9.3-p0/gems/nanoc-3.4.0/lib/nanoc/cli/error_handler.rb:63:in `handle_while'
  25. /Users/ricardocaldeira/.rvm/gems/ruby-1.9.3-p0/gems/nanoc-3.4.0/lib/nanoc/cli/error_handler.rb:26:in `handle_while'
  26. /Users/ricardocaldeira/.rvm/gems/ruby-1.9.3-p0/gems/nanoc-3.4.0/lib/nanoc/cli/command_runner.rb:13:in `call'
  27. /Users/ricardocaldeira/.rvm/gems/ruby-1.9.3-p0/gems/cri-2.3.0/lib/cri/command_dsl.rb:185:in `block in runner'
  28. /Users/ricardocaldeira/.rvm/gems/ruby-1.9.3-p0/gems/cri-2.3.0/lib/cri/command.rb:296:in `call'
  29. /Users/ricardocaldeira/.rvm/gems/ruby-1.9.3-p0/gems/cri-2.3.0/lib/cri/command.rb:296:in `run_this'
  30. /Users/ricardocaldeira/.rvm/gems/ruby-1.9.3-p0/gems/cri-2.3.0/lib/cri/command.rb:249:in `run'
  31. /Users/ricardocaldeira/.rvm/gems/ruby-1.9.3-p0/gems/cri-2.3.0/lib/cri/command.rb:262:in `run'
  32. /Users/ricardocaldeira/.rvm/gems/ruby-1.9.3-p0/gems/nanoc-3.4.0/lib/nanoc/cli.rb:47:in `block in run'
  33. /Users/ricardocaldeira/.rvm/gems/ruby-1.9.3-p0/gems/nanoc-3.4.0/lib/nanoc/cli/error_handler.rb:63:in `handle_while'
  34. /Users/ricardocaldeira/.rvm/gems/ruby-1.9.3-p0/gems/nanoc-3.4.0/lib/nanoc/cli/error_handler.rb:26:in `handle_while'
  35. /Users/ricardocaldeira/.rvm/gems/ruby-1.9.3-p0/gems/nanoc-3.4.0/lib/nanoc/cli.rb:44:in `run'
  36. /Users/ricardocaldeira/.rvm/gems/ruby-1.9.3-p0/gems/nanoc-3.4.0/bin/nanoc:19:in `<top (required)>'
  37. /Users/ricardocaldeira/.rvm/gems/ruby-1.9.3-p0/bin/nanoc:23:in `load'
  38. /Users/ricardocaldeira/.rvm/gems/ruby-1.9.3-p0/bin/nanoc:23:in `<main>'

=== VERSION INFORMATION:

nanoc 3.4.0 © 2007-2012 Denis Defreyne.
Running ruby 1.9.3 (2011-10-30) on x86_64-darwin11.2.0 with RubyGems 1.8.24.

=== INSTALLED GEMS:

  addressable 2.3.2
  adsf 1.1.1
  builder 3.0.0
  bundler 1.0.21
  coderay 1.0.7
  colored 1.2
  cri 2.3.0
  faraday 0.8.1
  faraday_middleware 0.8.8
  hashie 1.2.0
  kramdown 0.13.7
  mime-types 1.19
  multi_json 1.3.6
  multipart-post 1.1.5
  nanoc 3.4.0
  nokogiri 1.5.5
  octokit 1.9.4
  rack 1.4.1
  yajl-ruby 1.1.0

=== ENVIRONMENT:

Apple_PubSub_Socket_Render => "/tmp/launch-nE5Bm6/Render"
Apple_Ubiquity_Message => "/tmp/launch-leVKnA/Apple_Ubiquity_Message"
BUNDLE_BIN_PATH => "/Users/ricardocaldeira/.rvm/gems/ruby-1.9.3-p0/gems/bundler-1.0.21/bin/bundle"
BUNDLE_GEMFILE => "/Users/ricardocaldeira/Documents/workspace/blog_nanoc/site/Gemfile"
COMMAND_MODE => "unix2003"
DISPLAY => "/tmp/launch-lvrprG/org.x:0"
GEM_HOME => "/Users/ricardocaldeira/.rvm/gems/ruby-1.9.3-p0"
GEM_PATH => "/Users/ricardocaldeira/.rvm/gems/ruby-1.9.3-p0:/Users/ricardocaldeira/.rvm/gems/ruby-1.9.3-p0@global"
HOME => "/Users/ricardocaldeira"
IRBRC => "/Users/ricardocaldeira/.rvm/rubies/ruby-1.9.3-p0/.irbrc"
LANG => "pt_BR.UTF-8"
LOGNAME => "ricardocaldeira"
MY_RUBY_HOME => "/Users/ricardocaldeira/.rvm/rubies/ruby-1.9.3-p0"
OLDPWD => "/Users/ricardocaldeira/Documents/workspace/blog_nanoc"
PATH => "/Users/ricardocaldeira/.rvm/gems/ruby-1.9.3-p0/bin:/Users/ricardocaldeira/.rvm/gems/ruby-1.9.3-p0@global/bin:/Users/ricardocaldeira/.rvm/rubies/ruby-1.9.3-p0/bin:/Users/ricardocaldeira/.rvm/bin:/usr/bin:/bin:/usr/sbin:/sbin:/usr/local/bin:/usr/X11/bin:/usr/local/git/bin"
PWD => "/Users/ricardocaldeira/Documents/workspace/blog_nanoc/site"
RUBYOPT => "-I/Users/ricardocaldeira/.rvm/gems/ruby-1.9.3-p0/gems/bundler-1.0.21/lib -rbundler/setup"
RUBY_VERSION => "ruby-1.9.3-p0"
SHELL => "/bin/bash"
SHLVL => "1"
SSH_AUTH_SOCK => "/tmp/launch-cP73Dx/Listeners"
TERM => "xterm-256color"
TERM_PROGRAM => "Apple_Terminal"
TERM_PROGRAM_VERSION => "303.2"
TERM_SESSION_ID => "9F81FF24-E0FD-488D-88AB-02FC5D87D939"
TMPDIR => "/var/folders/cp/m622t5nj2_g41xhgfxwfzdnh0000gn/T/"
USER => "ricardocaldeira"
_ => "/Users/ricardocaldeira/.rvm/gems/ruby-1.9.3-p0/bin/nanoc"
__CF_USER_TEXT_ENCODING => "0x1F5:0:71"
__array_start => "0"
_first => "0"
_second => "1"
escape_flag => "1"
rvm_bin_path => "/Users/ricardocaldeira/.rvm/bin"
rvm_path => "/Users/ricardocaldeira/.rvm"
rvm_prefix => "/Users/ricardocaldeira"
rvm_reload_flag => "0"
rvm_version => "1.10.2"

=== GEMFILE.LOCK:

GEM
  remote: http://rubygems.org/
  specs:
    addressable (2.3.2)
    adsf (1.1.1)
      rack (>= 1.0.0)
    builder (3.0.0)
    coderay (1.0.7)
    colored (1.2)
    cri (2.3.0)
      colored (>= 1.2)
    faraday (0.8.1)
      multipart-post (~> 1.1)
    faraday_middleware (0.8.8)
      faraday (>= 0.7.4, < 0.9)
    hashie (1.2.0)
    kramdown (0.13.7)
    mime-types (1.19)
    multi_json (1.3.6)
    multipart-post (1.1.5)
    nanoc (3.4.0)
      cri (~> 2.2)
    nokogiri (1.5.5)
    octokit (1.9.4)
      addressable (~> 2.2)
      faraday (~> 0.8)
      faraday_middleware (~> 0.8)
      hashie (~> 1.2)
      multi_json (~> 1.3)
    rack (1.4.1)
    yajl-ruby (1.1.0)

PLATFORMS
  ruby

DEPENDENCIES
  adsf
  builder
  coderay
  kramdown
  mime-types
  nanoc
  nokogiri
  octokit
  yajl-ruby

=== $LOAD_PATH:

  0. /Users/ricardocaldeira/.rvm/gems/ruby-1.9.3-p0/gems/nanoc-3.4.0/lib
  1. /Users/ricardocaldeira/.rvm/gems/ruby-1.9.3-p0/gems/yajl-ruby-1.1.0/lib
  2. /Users/ricardocaldeira/.rvm/gems/ruby-1.9.3-p0/gems/octokit-1.9.4/lib
  3. /Users/ricardocaldeira/.rvm/gems/ruby-1.9.3-p0/gems/nokogiri-1.5.5/lib
  4. /Users/ricardocaldeira/.rvm/gems/ruby-1.9.3-p0/gems/nanoc-3.4.0/lib
  5. /Users/ricardocaldeira/.rvm/gems/ruby-1.9.3-p0/gems/multi_json-1.3.6/lib
  6. /Users/ricardocaldeira/.rvm/gems/ruby-1.9.3-p0/gems/mime-types-1.19/lib
  7. /Users/ricardocaldeira/.rvm/gems/ruby-1.9.3-p0/gems/kramdown-0.13.7/lib
  8. /Users/ricardocaldeira/.rvm/gems/ruby-1.9.3-p0/gems/hashie-1.2.0/lib
  9. /Users/ricardocaldeira/.rvm/gems/ruby-1.9.3-p0/gems/faraday_middleware-0.8.8/lib
  10. /Users/ricardocaldeira/.rvm/gems/ruby-1.9.3-p0/gems/faraday-0.8.1/lib
  11. /Users/ricardocaldeira/.rvm/gems/ruby-1.9.3-p0/gems/multipart-post-1.1.5/lib
  12. /Users/ricardocaldeira/.rvm/gems/ruby-1.9.3-p0/gems/cri-2.3.0/lib
  13. /Users/ricardocaldeira/.rvm/gems/ruby-1.9.3-p0/gems/colored-1.2/lib
  14. /Users/ricardocaldeira/.rvm/gems/ruby-1.9.3-p0/gems/coderay-1.0.7/lib
  15. /Users/ricardocaldeira/.rvm/gems/ruby-1.9.3-p0/gems/builder-3.0.0/lib
  16. /Users/ricardocaldeira/.rvm/gems/ruby-1.9.3-p0/gems/adsf-1.1.1/lib
  17. /Users/ricardocaldeira/.rvm/gems/ruby-1.9.3-p0/gems/rack-1.4.1/lib
  18. /Users/ricardocaldeira/.rvm/gems/ruby-1.9.3-p0/gems/addressable-2.3.2/lib
  19. /Users/ricardocaldeira/.rvm/gems/ruby-1.9.3-p0/gems/bundler-1.0.21/lib
  20. /Users/ricardocaldeira/.rvm/rubies/ruby-1.9.3-p0/lib/ruby/site_ruby/1.9.1
  21. /Users/ricardocaldeira/.rvm/rubies/ruby-1.9.3-p0/lib/ruby/site_ruby/1.9.1/x86_64-darwin11.2.0
  22. /Users/ricardocaldeira/.rvm/rubies/ruby-1.9.3-p0/lib/ruby/site_ruby
  23. /Users/ricardocaldeira/.rvm/rubies/ruby-1.9.3-p0/lib/ruby/vendor_ruby/1.9.1
  24. /Users/ricardocaldeira/.rvm/rubies/ruby-1.9.3-p0/lib/ruby/vendor_ruby/1.9.1/x86_64-darwin11.2.0
  25. /Users/ricardocaldeira/.rvm/rubies/ruby-1.9.3-p0/lib/ruby/vendor_ruby
  26. /Users/ricardocaldeira/.rvm/rubies/ruby-1.9.3-p0/lib/ruby/1.9.1
  27. /Users/ricardocaldeira/.rvm/rubies/ruby-1.9.3-p0/lib/ruby/1.9.1/x86_64-darwin11.2.0
