Crashlog created at 2012-08-17 23:35:40 -0300

=== MESSAGE:

Errno::ENOENT: No such file or directory - content/less

=== COMPILATION STACK:

  - [item]   /index.html.haml/ (rep default)

=== BACKTRACE:

  0. lib/helpers.rb:8:in `chdir'
  1. lib/helpers.rb:8:in `link_para_css'
  2. item /index.html.haml/ (rep default):3:in `block in render'
  3. /Users/ricardocaldeira/.rvm/gems/ruby-1.9.3-p0/gems/haml-3.1.6/lib/haml/engine.rb:191:in `eval'
  4. /Users/ricardocaldeira/.rvm/gems/ruby-1.9.3-p0/gems/haml-3.1.6/lib/haml/engine.rb:191:in `render'
  5. /Users/ricardocaldeira/.rvm/gems/ruby-1.9.3-p0/gems/nanoc-3.4.0/lib/nanoc/filters/haml.rb:23:in `run'
  6. /Users/ricardocaldeira/.rvm/gems/ruby-1.9.3-p0/gems/nanoc-3.4.0/lib/nanoc/base/result_data/item_rep.rb:343:in `filter'
  7. /Users/ricardocaldeira/.rvm/gems/ruby-1.9.3-p0/gems/nanoc-3.4.0/lib/nanoc/base/compilation/item_rep_proxy.rb:47:in `filter'
  8. /Users/ricardocaldeira/.rvm/gems/ruby-1.9.3-p0/gems/nanoc-3.4.0/lib/nanoc/base/compilation/rule_context.rb:54:in `filter'
  9. ./Rules:36:in `block in load'
  10. /Users/ricardocaldeira/.rvm/gems/ruby-1.9.3-p0/gems/nanoc-3.4.0/lib/nanoc/base/compilation/rule.rb:68:in `instance_eval'
  11. /Users/ricardocaldeira/.rvm/gems/ruby-1.9.3-p0/gems/nanoc-3.4.0/lib/nanoc/base/compilation/rule.rb:68:in `apply_to'
  12. /Users/ricardocaldeira/.rvm/gems/ruby-1.9.3-p0/gems/nanoc-3.4.0/lib/nanoc/base/compilation/compiler.rb:381:in `compile_rep'
  13. /Users/ricardocaldeira/.rvm/gems/ruby-1.9.3-p0/gems/nanoc-3.4.0/lib/nanoc/base/compilation/compiler.rb:337:in `block in compile_reps'
  14. /Users/ricardocaldeira/.rvm/gems/ruby-1.9.3-p0/gems/nanoc-3.4.0/lib/nanoc/base/compilation/compiler.rb:330:in `loop'
  15. /Users/ricardocaldeira/.rvm/gems/ruby-1.9.3-p0/gems/nanoc-3.4.0/lib/nanoc/base/compilation/compiler.rb:330:in `compile_reps'
  16. /Users/ricardocaldeira/.rvm/gems/ruby-1.9.3-p0/gems/nanoc-3.4.0/lib/nanoc/base/compilation/compiler.rb:85:in `run'
  17. /Users/ricardocaldeira/.rvm/gems/ruby-1.9.3-p0/gems/nanoc-3.4.0/lib/nanoc/base/source_data/site.rb:57:in `compile'
  18. /Users/ricardocaldeira/.rvm/gems/ruby-1.9.3-p0/gems/nanoc-3.4.0/lib/nanoc/cli/commands/compile.rb:57:in `run'
  19. /Users/ricardocaldeira/.rvm/gems/ruby-1.9.3-p0/gems/nanoc-3.4.0/lib/nanoc/cli/command_runner.rb:14:in `block in call'
  20. /Users/ricardocaldeira/.rvm/gems/ruby-1.9.3-p0/gems/nanoc-3.4.0/lib/nanoc/cli/error_handler.rb:63:in `handle_while'
  21. /Users/ricardocaldeira/.rvm/gems/ruby-1.9.3-p0/gems/nanoc-3.4.0/lib/nanoc/cli/error_handler.rb:26:in `handle_while'
  22. /Users/ricardocaldeira/.rvm/gems/ruby-1.9.3-p0/gems/nanoc-3.4.0/lib/nanoc/cli/command_runner.rb:13:in `call'
  23. /Users/ricardocaldeira/.rvm/gems/ruby-1.9.3-p0/gems/cri-2.3.0/lib/cri/command_dsl.rb:185:in `block in runner'
  24. /Users/ricardocaldeira/.rvm/gems/ruby-1.9.3-p0/gems/cri-2.3.0/lib/cri/command.rb:296:in `call'
  25. /Users/ricardocaldeira/.rvm/gems/ruby-1.9.3-p0/gems/cri-2.3.0/lib/cri/command.rb:296:in `run_this'
  26. /Users/ricardocaldeira/.rvm/gems/ruby-1.9.3-p0/gems/cri-2.3.0/lib/cri/command.rb:249:in `run'
  27. /Users/ricardocaldeira/.rvm/gems/ruby-1.9.3-p0/gems/cri-2.3.0/lib/cri/command.rb:262:in `run'
  28. /Users/ricardocaldeira/.rvm/gems/ruby-1.9.3-p0/gems/nanoc-3.4.0/lib/nanoc/cli.rb:47:in `block in run'
  29. /Users/ricardocaldeira/.rvm/gems/ruby-1.9.3-p0/gems/nanoc-3.4.0/lib/nanoc/cli/error_handler.rb:63:in `handle_while'
  30. /Users/ricardocaldeira/.rvm/gems/ruby-1.9.3-p0/gems/nanoc-3.4.0/lib/nanoc/cli/error_handler.rb:26:in `handle_while'
  31. /Users/ricardocaldeira/.rvm/gems/ruby-1.9.3-p0/gems/nanoc-3.4.0/lib/nanoc/cli.rb:44:in `run'
  32. /Users/ricardocaldeira/.rvm/gems/ruby-1.9.3-p0/gems/nanoc-3.4.0/bin/nanoc:19:in `<top (required)>'
  33. /Users/ricardocaldeira/.rvm/gems/ruby-1.9.3-p0/bin/nanoc:23:in `load'
  34. /Users/ricardocaldeira/.rvm/gems/ruby-1.9.3-p0/bin/nanoc:23:in `<main>'

=== VERSION INFORMATION:

nanoc 3.4.0 © 2007-2012 Denis Defreyne.
Running ruby 1.9.3 (2011-10-30) on x86_64-darwin11.2.0 with RubyGems 1.8.24.

=== INSTALLED GEMS:

  actionmailer 3.2.1, 3.2.3
  actionpack 3.2.1, 3.2.3
  activemodel 3.2.1, 3.2.3
  activerecord 3.2.1, 3.2.3
  activeresource 3.2.1, 3.2.3
  activesupport 3.1.1, 3.2.1, 3.2.3
  addressable 2.2.6, 2.2.7, 2.3.2
  adsf 1.0.1, 1.1.1
  annotate 2.4.0, 2.4.1.beta1
  arel 3.0.0, 3.0.2
  bcrypt-ruby 3.0.1
  bootstrap-sass 2.0.2
  bootstrap-will_paginate 0.0.7
  builder 3.0.0
  bundler 1.0.21
  capybara 1.1.2
  childprocess 0.3.1, 0.3.2
  coderay 1.0.5, 1.0.7
  coffee-rails 3.2.2
  coffee-script 2.2.0
  coffee-script-source 1.2.0, 1.3.1
  colored 1.2
  commonjs 0.2.5, 0.2.6
  cri 2.1.0, 2.2.1, 2.3.0
  cucumber 1.1.9
  cucumber-rails 1.3.0
  database_cleaner 0.7.2
  diff-lcs 1.1.3
  erubis 2.7.0
  execjs 1.3.0, 1.3.1
  factory_girl 2.5.0, 3.0.0
  factory_girl_rails 1.6.0, 3.0.0
  faker 1.0.1
  faraday 0.7.5, 0.8.1
  faraday_middleware 0.7.0, 0.8.8
  ffi 1.0.11
  gherkin 2.9.3
  gravatar_image_tag 1.0.0
  growl 1.0.3
  guard 1.0.1
  guard-rspec 0.7.0
  guard-spork 0.7.1
  haml 3.1.4, 3.1.6
  hashie 1.2.0
  hike 1.2.1
  i18n 0.6.0
  journey 1.0.1, 1.0.3
  jquery-rails 2.0.0, 2.0.1, 2.0.2
  json 1.6.5, 1.6.6, 1.7.0
  kramdown 0.13.4, 0.13.7
  less 2.1.0, 2.2.1
  libnotify 0.7.2
  libv8 3.3.10.4
  libwebsocket 0.1.3
  mail 2.4.1, 2.4.4
  mime-types 1.17.2, 1.18, 1.19
  multi_json 1.0.4, 1.1.0, 1.2.0, 1.3.4, 1.3.6
  multipart-post 1.1.4, 1.1.5
  nanoc 3.2.4, 3.3.0, 3.3.2, 3.4.0
  nanoc3 3.2.4, 3.3.0
  nokogiri 1.5.0, 1.5.2, 1.5.5
  octokit 0.6.5, 1.9.4
  pg 0.12.2, 0.13.2
  polyglot 0.3.3
  rack 1.4.1
  rack-cache 1.1, 1.2
  rack-ssl 1.3.2
  rack-test 0.6.1
  rails 3.2.1, 3.2.3
  railties 3.2.1, 3.2.3
  rainpress 1.0
  rake 0.9.2, 0.9.2.2
  rb-fsevent 0.9.1
  rb-inotify 0.8.8
  rdoc 3.12
  rspec 2.8.0, 2.9.0
  rspec-core 2.8.0, 2.9.0
  rspec-expectations 2.8.0, 2.9.1
  rspec-mocks 2.8.0, 2.9.0
  rspec-rails 2.8.1, 2.9.0
  rubygems-update 1.8.24
  rubyzip 0.9.6.1, 0.9.8
  sass 3.1.12, 3.1.15, 3.1.16
  sass-rails 3.2.4, 3.2.5
  selenium-webdriver 2.20.0, 2.21.2
  spork 0.9.0, 1.0.0rc2
  spork-rails 3.2.0
  sprockets 2.1.2, 2.1.3
  sqlite3 1.3.5, 1.3.6
  term-ansicolor 1.0.7
  therubyracer 0.10.1
  thor 0.14.6
  tilt 1.3.3
  treetop 1.4.10
  tzinfo 0.3.31, 0.3.32, 0.3.33
  uglifier 1.2.3, 1.2.4
  webrat 0.7.3
  will_paginate 3.0.3
  xpath 0.1.4
  yajl-ruby 1.1.0

=== ENVIRONMENT:

Apple_PubSub_Socket_Render => "/tmp/launch-EvW8Nk/Render"
Apple_Ubiquity_Message => "/tmp/launch-Xz4bHw/Apple_Ubiquity_Message"
COMMAND_MODE => "unix2003"
DISPLAY => "/tmp/launch-ixtgDr/org.x:0"
GEM_HOME => "/Users/ricardocaldeira/.rvm/gems/ruby-1.9.3-p0"
GEM_PATH => "/Users/ricardocaldeira/.rvm/gems/ruby-1.9.3-p0:/Users/ricardocaldeira/.rvm/gems/ruby-1.9.3-p0@global"
HOME => "/Users/ricardocaldeira"
IRBRC => "/Users/ricardocaldeira/.rvm/rubies/ruby-1.9.3-p0/.irbrc"
LANG => "pt_BR.UTF-8"
LOGNAME => "ricardocaldeira"
MY_RUBY_HOME => "/Users/ricardocaldeira/.rvm/rubies/ruby-1.9.3-p0"
PATH => "/Users/ricardocaldeira/.rvm/gems/ruby-1.9.3-p0/bin:/Users/ricardocaldeira/.rvm/gems/ruby-1.9.3-p0@global/bin:/Users/ricardocaldeira/.rvm/rubies/ruby-1.9.3-p0/bin:/Users/ricardocaldeira/.rvm/bin:/usr/bin:/bin:/usr/sbin:/sbin:/usr/local/bin:/usr/X11/bin:/usr/local/git/bin"
PWD => "/Users/ricardocaldeira/Documents/workspace/blog_nanoc/site"
RUBY_VERSION => "ruby-1.9.3-p0"
SHELL => "/bin/bash"
SHLVL => "1"
SSH_AUTH_SOCK => "/tmp/launch-tPHMMI/Listeners"
TERM => "xterm-256color"
TERM_PROGRAM => "Apple_Terminal"
TERM_PROGRAM_VERSION => "303.2"
TERM_SESSION_ID => "9F81FF24-E0FD-488D-88AB-02FC5D87D939"
TMPDIR => "/var/folders/cp/m622t5nj2_g41xhgfxwfzdnh0000gn/T/"
USER => "ricardocaldeira"
_ => "/Users/ricardocaldeira/.rvm/gems/ruby-1.9.3-p0/bin/nanoc"
__CF_USER_TEXT_ENCODING => "0x1F5:0:71"
__array_start => "0"
_first => "0"
_second => "1"
escape_flag => "1"
rvm_bin_path => "/Users/ricardocaldeira/.rvm/bin"
rvm_path => "/Users/ricardocaldeira/.rvm"
rvm_prefix => "/Users/ricardocaldeira"
rvm_reload_flag => "0"
rvm_version => "1.10.2"

=== $LOAD_PATH:

  0. /Users/ricardocaldeira/.rvm/gems/ruby-1.9.3-p0/gems/nanoc-3.4.0/lib
  1. /Users/ricardocaldeira/.rvm/gems/ruby-1.9.3-p0/gems/nanoc-3.4.0/lib
  2. /Users/ricardocaldeira/.rvm/gems/ruby-1.9.3-p0/gems/bundler-1.0.21/lib
  3. /Users/ricardocaldeira/.rvm/gems/ruby-1.9.3-p0/gems/colored-1.2/lib
  4. /Users/ricardocaldeira/.rvm/gems/ruby-1.9.3-p0/gems/cri-2.3.0/lib
  5. /Users/ricardocaldeira/.rvm/gems/ruby-1.9.3-p0/gems/haml-3.1.6/lib
  6. /Users/ricardocaldeira/.rvm/rubies/ruby-1.9.3-p0/lib/ruby/site_ruby/1.9.1
  7. /Users/ricardocaldeira/.rvm/rubies/ruby-1.9.3-p0/lib/ruby/site_ruby/1.9.1/x86_64-darwin11.2.0
  8. /Users/ricardocaldeira/.rvm/rubies/ruby-1.9.3-p0/lib/ruby/site_ruby
  9. /Users/ricardocaldeira/.rvm/rubies/ruby-1.9.3-p0/lib/ruby/vendor_ruby/1.9.1
  10. /Users/ricardocaldeira/.rvm/rubies/ruby-1.9.3-p0/lib/ruby/vendor_ruby/1.9.1/x86_64-darwin11.2.0
  11. /Users/ricardocaldeira/.rvm/rubies/ruby-1.9.3-p0/lib/ruby/vendor_ruby
  12. /Users/ricardocaldeira/.rvm/rubies/ruby-1.9.3-p0/lib/ruby/1.9.1
  13. /Users/ricardocaldeira/.rvm/rubies/ruby-1.9.3-p0/lib/ruby/1.9.1/x86_64-darwin11.2.0
